2022-06-25 16:13:43,795 [Worker-6: Loading available Gradle versions] INFO  o.e.b.c.i.u.g.PublishedGradleVersions - Gradle version information cache is up-to-date. Trying to read.
2022-06-25 16:25:34,763 [Worker-4: Loading available Gradle versions] INFO  o.e.b.c.i.u.g.PublishedGradleVersions - Gradle version information cache is up-to-date. Trying to read.
2022-06-26 08:58:33,370 [Worker-7: Loading available Gradle versions] INFO  o.e.b.c.i.u.g.PublishedGradleVersions - Gradle version information cache is up-to-date. Trying to read.
2022-06-26 18:22:55,142 [Worker-8: Loading available Gradle versions] INFO  o.e.b.c.i.u.g.PublishedGradleVersions - Gradle version information cache is out-of-date. Trying to update.
2022-07-05 21:50:59,035 [Worker-8: Loading available Gradle versions] INFO  o.e.b.c.i.u.g.PublishedGradleVersions - Gradle version information cache is out-of-date. Trying to update.
2022-07-08 21:31:33,151 [Worker-0: Loading available Gradle versions] INFO  o.e.b.c.i.u.g.PublishedGradleVersions - Gradle version information cache is out-of-date. Trying to update.
2022-07-09 23:49:25,862 [Worker-4: Loading available Gradle versions] INFO  o.e.b.c.i.u.g.PublishedGradleVersions - Gradle version information cache is out-of-date. Trying to update.
2022-07-10 00:19:08,126 [Worker-8: Loading available Gradle versions] INFO  o.e.b.c.i.u.g.PublishedGradleVersions - Gradle version information cache is up-to-date. Trying to read.
2022-07-10 12:38:25,516 [Worker-8: Loading available Gradle versions] INFO  o.e.b.c.i.u.g.PublishedGradleVersions - Gradle version information cache is up-to-date. Trying to read.
2022-07-13 07:20:23,718 [Worker-8: Loading available Gradle versions] INFO  o.e.b.c.i.u.g.PublishedGradleVersions - Gradle version information cache is out-of-date. Trying to update.
2022-07-13 07:20:26,070 [Worker-8: Loading available Gradle versions] INFO  o.e.b.c.i.u.g.PublishedGradleVersions - Updating Gradle version information cache failed. Using outdated cache.
2022-07-13 16:40:21,479 [Worker-97: Debug Source Lookup] INFO  o.e.m.c.i.e.AbstractTransferListenerAdapter - Downloading https://repo.maven.apache.org/maven2/com/google/code/findbugs/jsr305/3.0.2/jsr305-3.0.2-sources.jar
2022-07-13 16:40:23,098 [Worker-93: Label Job] INFO  o.e.m.c.i.e.AbstractTransferListenerAdapter - Downloading https://repo.maven.apache.org/maven2/com/google/code/findbugs/jsr305/3.0.2/jsr305-3.0.2-sources.jar
2022-07-13 16:40:23,113 [Worker-97: Debug Source Lookup] INFO  o.e.m.c.i.e.AbstractTransferListenerAdapter - Downloaded https://repo.maven.apache.org/maven2/com/google/code/findbugs/jsr305/3.0.2/jsr305-3.0.2-sources.jar
2022-07-13 16:40:28,081 [Worker-93: Label Job] INFO  o.e.m.c.i.e.AbstractTransferListenerAdapter - Downloaded https://repo.maven.apache.org/maven2/com/google/code/findbugs/jsr305/3.0.2/jsr305-3.0.2-sources.jar
2022-07-13 16:40:28,469 [Worker-97: Debug Source Lookup] INFO  o.e.m.c.i.e.AbstractTransferListenerAdapter - Downloading https://repo.maven.apache.org/maven2/org/asynchttpclient/async-http-client/2.12.3/async-http-client-2.12.3-sources.jar
2022-07-13 16:40:28,914 [Worker-93: Label Job] INFO  o.e.m.c.i.e.AbstractTransferListenerAdapter - Downloading https://repo.maven.apache.org/maven2/org/asynchttpclient/async-http-client/2.12.3/async-http-client-2.12.3-sources.jar
2022-07-13 16:40:33,666 [Worker-93: Label Job] INFO  o.e.m.c.i.e.AbstractTransferListenerAdapter - Downloaded https://repo.maven.apache.org/maven2/org/asynchttpclient/async-http-client/2.12.3/async-http-client-2.12.3-sources.jar
2022-07-13 16:40:35,772 [Worker-97: Debug Source Lookup] INFO  o.e.m.c.i.e.AbstractTransferListenerAdapter - Downloaded https://repo.maven.apache.org/maven2/org/asynchttpclient/async-http-client/2.12.3/async-http-client-2.12.3-sources.jar
2022-07-13 16:40:35,980 [Worker-93: Label Job] INFO  o.e.m.c.i.e.AbstractTransferListenerAdapter - Downloading https://repo.maven.apache.org/maven2/io/netty/netty-transport-native-unix-common/4.1.78.Final/netty-transport-native-unix-common-4.1.78.Final-sources.jar
2022-07-13 16:40:37,285 [Worker-93: Label Job] INFO  o.e.m.c.i.e.AbstractTransferListenerAdapter - Downloaded https://repo.maven.apache.org/maven2/io/netty/netty-transport-native-unix-common/4.1.78.Final/netty-transport-native-unix-common-4.1.78.Final-sources.jar
2022-07-13 16:40:37,433 [Worker-97: Debug Source Lookup] INFO  o.e.m.c.i.e.AbstractTransferListenerAdapter - Downloading https://repo.maven.apache.org/maven2/io/netty/netty-transport-native-unix-common/4.1.78.Final/netty-transport-native-unix-common-4.1.78.Final-sources.jar
2022-07-13 16:40:38,903 [Worker-97: Debug Source Lookup] INFO  o.e.m.c.i.e.AbstractTransferListenerAdapter - Downloaded https://repo.maven.apache.org/maven2/io/netty/netty-transport-native-unix-common/4.1.78.Final/netty-transport-native-unix-common-4.1.78.Final-sources.jar
2022-07-13 16:40:39,561 [Worker-93: Label Job] INFO  o.e.m.c.i.e.AbstractTransferListenerAdapter - Downloading https://repo.maven.apache.org/maven2/com/google/j2objc/j2objc-annotations/1.3/j2objc-annotations-1.3-sources.jar
2022-07-13 16:40:41,572 [Worker-93: Label Job] INFO  o.e.m.c.i.e.AbstractTransferListenerAdapter - Downloaded https://repo.maven.apache.org/maven2/com/google/j2objc/j2objc-annotations/1.3/j2objc-annotations-1.3-sources.jar
2022-07-13 16:40:41,591 [Worker-97: Debug Source Lookup] INFO  o.e.m.c.i.e.AbstractTransferListenerAdapter - Downloading https://repo.maven.apache.org/maven2/com/google/j2objc/j2objc-annotations/1.3/j2objc-annotations-1.3-sources.jar
2022-07-13 16:40:45,545 [Worker-97: Debug Source Lookup] INFO  o.e.m.c.i.e.AbstractTransferListenerAdapter - Downloaded https://repo.maven.apache.org/maven2/com/google/j2objc/j2objc-annotations/1.3/j2objc-annotations-1.3-sources.jar
2022-07-13 16:40:46,951 [Worker-93: Label Job] INFO  o.e.m.c.i.e.AbstractTransferListenerAdapter - Downloading https://repo.maven.apache.org/maven2/com/google/auto/auto-common/1.2.1/auto-common-1.2.1-sources.jar
2022-07-13 16:40:47,234 [Worker-97: Debug Source Lookup] INFO  o.e.m.c.i.e.AbstractTransferListenerAdapter - Downloading https://repo.maven.apache.org/maven2/com/google/auto/auto-common/1.2.1/auto-common-1.2.1-sources.jar
2022-07-13 16:40:47,510 [Worker-93: Label Job] INFO  o.e.m.c.i.e.AbstractTransferListenerAdapter - Downloaded https://repo.maven.apache.org/maven2/com/google/auto/auto-common/1.2.1/auto-common-1.2.1-sources.jar
2022-07-13 16:40:47,715 [Worker-97: Debug Source Lookup] INFO  o.e.m.c.i.e.AbstractTransferListenerAdapter - Downloaded https://repo.maven.apache.org/maven2/com/google/auto/auto-common/1.2.1/auto-common-1.2.1-sources.jar
2022-07-13 16:40:49,413 [Worker-93: Label Job] INFO  o.e.m.c.i.e.AbstractTransferListenerAdapter - Downloading https://repo.maven.apache.org/maven2/org/slf4j/slf4j-jdk14/1.7.36/slf4j-jdk14-1.7.36-sources.jar
2022-07-13 16:40:49,903 [Worker-97: Debug Source Lookup] INFO  o.e.m.c.i.e.AbstractTransferListenerAdapter - Downloading https://repo.maven.apache.org/maven2/org/slf4j/slf4j-jdk14/1.7.36/slf4j-jdk14-1.7.36-sources.jar
2022-07-13 16:40:49,952 [Worker-93: Label Job] INFO  o.e.m.c.i.e.AbstractTransferListenerAdapter - Downloaded https://repo.maven.apache.org/maven2/org/slf4j/slf4j-jdk14/1.7.36/slf4j-jdk14-1.7.36-sources.jar
2022-07-13 16:40:50,333 [Worker-97: Debug Source Lookup] INFO  o.e.m.c.i.e.AbstractTransferListenerAdapter - Downloaded https://repo.maven.apache.org/maven2/org/slf4j/slf4j-jdk14/1.7.36/slf4j-jdk14-1.7.36-sources.jar
2022-07-13 16:40:51,340 [Worker-93: Label Job] INFO  o.e.m.c.i.e.AbstractTransferListenerAdapter - Downloading https://repo.maven.apache.org/maven2/io/netty/netty-handler/4.1.78.Final/netty-handler-4.1.78.Final-sources.jar
2022-07-13 16:40:51,914 [Worker-97: Debug Source Lookup] INFO  o.e.m.c.i.e.AbstractTransferListenerAdapter - Downloading https://repo.maven.apache.org/maven2/io/netty/netty-handler/4.1.78.Final/netty-handler-4.1.78.Final-sources.jar
2022-07-13 16:40:57,455 [Worker-93: Label Job] INFO  o.e.m.c.i.e.AbstractTransferListenerAdapter - Downloaded https://repo.maven.apache.org/maven2/io/netty/netty-handler/4.1.78.Final/netty-handler-4.1.78.Final-sources.jar
2022-07-13 16:40:57,691 [Worker-97: Debug Source Lookup] INFO  o.e.m.c.i.e.AbstractTransferListenerAdapter - Downloaded https://repo.maven.apache.org/maven2/io/netty/netty-handler/4.1.78.Final/netty-handler-4.1.78.Final-sources.jar
2022-07-13 16:40:58,408 [Worker-93: Label Job] INFO  o.e.m.c.i.e.AbstractTransferListenerAdapter - Downloading https://repo.maven.apache.org/maven2/io/netty/netty-common/4.1.78.Final/netty-common-4.1.78.Final-sources.jar
2022-07-13 16:40:58,562 [Worker-97: Debug Source Lookup] INFO  o.e.m.c.i.e.AbstractTransferListenerAdapter - Downloading https://repo.maven.apache.org/maven2/io/netty/netty-common/4.1.78.Final/netty-common-4.1.78.Final-sources.jar
2022-07-13 16:41:02,029 [Worker-93: Label Job] INFO  o.e.m.c.i.e.AbstractTransferListenerAdapter - Downloaded https://repo.maven.apache.org/maven2/io/netty/netty-common/4.1.78.Final/netty-common-4.1.78.Final-sources.jar
2022-07-13 16:41:02,827 [Worker-97: Debug Source Lookup] INFO  o.e.m.c.i.e.AbstractTransferListenerAdapter - Downloaded https://repo.maven.apache.org/maven2/io/netty/netty-common/4.1.78.Final/netty-common-4.1.78.Final-sources.jar
2022-07-13 16:41:03,067 [Worker-93: Label Job] INFO  o.e.m.c.i.e.AbstractTransferListenerAdapter - Downloading https://repo.maven.apache.org/maven2/com/google/auto/service/auto-service/1.0.1/auto-service-1.0.1-sources.jar
2022-07-13 16:41:03,823 [Worker-93: Label Job] INFO  o.e.m.c.i.e.AbstractTransferListenerAdapter - Downloaded https://repo.maven.apache.org/maven2/com/google/auto/service/auto-service/1.0.1/auto-service-1.0.1-sources.jar
2022-07-13 16:41:04,072 [Worker-97: Debug Source Lookup] INFO  o.e.m.c.i.e.AbstractTransferListenerAdapter - Downloading https://repo.maven.apache.org/maven2/com/google/auto/service/auto-service/1.0.1/auto-service-1.0.1-sources.jar
2022-07-13 16:41:04,927 [Worker-97: Debug Source Lookup] INFO  o.e.m.c.i.e.AbstractTransferListenerAdapter - Downloaded https://repo.maven.apache.org/maven2/com/google/auto/service/auto-service/1.0.1/auto-service-1.0.1-sources.jar
2022-07-13 16:41:05,240 [Worker-93: Label Job] INFO  o.e.m.c.i.e.AbstractTransferListenerAdapter - Downloading https://repo.maven.apache.org/maven2/io/netty/netty-handler-proxy/4.1.78.Final/netty-handler-proxy-4.1.78.Final-sources.jar
2022-07-13 16:41:06,450 [Worker-93: Label Job] INFO  o.e.m.c.i.e.AbstractTransferListenerAdapter - Downloaded https://repo.maven.apache.org/maven2/io/netty/netty-handler-proxy/4.1.78.Final/netty-handler-proxy-4.1.78.Final-sources.jar
2022-07-13 16:41:07,315 [Worker-97: Debug Source Lookup] INFO  o.e.m.c.i.e.AbstractTransferListenerAdapter - Downloading https://repo.maven.apache.org/maven2/io/netty/netty-handler-proxy/4.1.78.Final/netty-handler-proxy-4.1.78.Final-sources.jar
2022-07-13 16:41:07,709 [Worker-97: Debug Source Lookup] INFO  o.e.m.c.i.e.AbstractTransferListenerAdapter - Downloaded https://repo.maven.apache.org/maven2/io/netty/netty-handler-proxy/4.1.78.Final/netty-handler-proxy-4.1.78.Final-sources.jar
2022-07-13 16:41:07,881 [Worker-93: Label Job] INFO  o.e.m.c.i.e.AbstractTransferListenerAdapter - Downloading https://repo.maven.apache.org/maven2/org/antlr/antlr4-runtime/4.9.3/antlr4-runtime-4.9.3-sources.jar
2022-07-13 16:41:08,615 [Worker-97: Debug Source Lookup] INFO  o.e.m.c.i.e.AbstractTransferListenerAdapter - Downloading https://repo.maven.apache.org/maven2/org/antlr/antlr4-runtime/4.9.3/antlr4-runtime-4.9.3-sources.jar
2022-07-13 16:41:09,722 [Worker-93: Label Job] INFO  o.e.m.c.i.e.AbstractTransferListenerAdapter - Downloaded https://repo.maven.apache.org/maven2/org/antlr/antlr4-runtime/4.9.3/antlr4-runtime-4.9.3-sources.jar
2022-07-13 16:41:10,388 [Worker-97: Debug Source Lookup] INFO  o.e.m.c.i.e.AbstractTransferListenerAdapter - Downloaded https://repo.maven.apache.org/maven2/org/antlr/antlr4-runtime/4.9.3/antlr4-runtime-4.9.3-sources.jar
2022-07-13 16:41:10,529 [Worker-93: Label Job] INFO  o.e.m.c.i.e.AbstractTransferListenerAdapter - Downloading https://repo.maven.apache.org/maven2/com/google/guava/failureaccess/1.0.1/failureaccess-1.0.1-sources.jar
2022-07-13 16:41:11,073 [Worker-93: Label Job] INFO  o.e.m.c.i.e.AbstractTransferListenerAdapter - Downloaded https://repo.maven.apache.org/maven2/com/google/guava/failureaccess/1.0.1/failureaccess-1.0.1-sources.jar
2022-07-13 16:41:11,226 [Worker-97: Debug Source Lookup] INFO  o.e.m.c.i.e.AbstractTransferListenerAdapter - Downloading https://repo.maven.apache.org/maven2/com/google/guava/failureaccess/1.0.1/failureaccess-1.0.1-sources.jar
2022-07-13 16:41:11,544 [Worker-97: Debug Source Lookup] INFO  o.e.m.c.i.e.AbstractTransferListenerAdapter - Downloaded https://repo.maven.apache.org/maven2/com/google/guava/failureaccess/1.0.1/failureaccess-1.0.1-sources.jar
2022-07-13 16:41:11,773 [Worker-93: Label Job] INFO  o.e.m.c.i.e.AbstractTransferListenerAdapter - Downloading https://repo.maven.apache.org/maven2/eu/neilalexander/jnacl/1.0.0/jnacl-1.0.0-sources.jar
2022-07-13 16:41:12,118 [Worker-93: Label Job] INFO  o.e.m.c.i.e.AbstractTransferListenerAdapter - Downloaded https://repo.maven.apache.org/maven2/eu/neilalexander/jnacl/1.0.0/jnacl-1.0.0-sources.jar
2022-07-13 16:41:12,214 [Worker-97: Debug Source Lookup] INFO  o.e.m.c.i.e.AbstractTransferListenerAdapter - Downloading https://repo.maven.apache.org/maven2/eu/neilalexander/jnacl/1.0.0/jnacl-1.0.0-sources.jar
2022-07-13 16:41:12,543 [Worker-97: Debug Source Lookup] INFO  o.e.m.c.i.e.AbstractTransferListenerAdapter - Downloaded https://repo.maven.apache.org/maven2/eu/neilalexander/jnacl/1.0.0/jnacl-1.0.0-sources.jar
2022-07-13 16:41:12,792 [Worker-93: Label Job] INFO  o.e.m.c.i.e.AbstractTransferListenerAdapter - Downloading https://repo.maven.apache.org/maven2/io/netty/netty-transport-classes-kqueue/4.1.78.Final/netty-transport-classes-kqueue-4.1.78.Final-sources.jar
2022-07-13 16:41:13,192 [Worker-93: Label Job] INFO  o.e.m.c.i.e.AbstractTransferListenerAdapter - Downloaded https://repo.maven.apache.org/maven2/io/netty/netty-transport-classes-kqueue/4.1.78.Final/netty-transport-classes-kqueue-4.1.78.Final-sources.jar
2022-07-13 16:41:13,220 [Worker-97: Debug Source Lookup] INFO  o.e.m.c.i.e.AbstractTransferListenerAdapter - Downloading https://repo.maven.apache.org/maven2/io/netty/netty-transport-classes-kqueue/4.1.78.Final/netty-transport-classes-kqueue-4.1.78.Final-sources.jar
2022-07-13 16:41:13,672 [Worker-97: Debug Source Lookup] INFO  o.e.m.c.i.e.AbstractTransferListenerAdapter - Downloaded https://repo.maven.apache.org/maven2/io/netty/netty-transport-classes-kqueue/4.1.78.Final/netty-transport-classes-kqueue-4.1.78.Final-sources.jar
2022-07-13 16:41:13,944 [Worker-93: Label Job] INFO  o.e.m.c.i.e.AbstractTransferListenerAdapter - Downloaded https://repo.maven.apache.org/maven2/com/google/guava/listenablefuture/9999.0-empty-to-avoid-conflict-with-guava/listenablefuture-9999.0-empty-to-avoid-conflict-with-guava-sources.jar
2022-07-13 16:41:14,354 [Worker-97: Debug Source Lookup] INFO  o.e.m.c.i.e.AbstractTransferListenerAdapter - Downloaded https://repo.maven.apache.org/maven2/com/google/guava/listenablefuture/9999.0-empty-to-avoid-conflict-with-guava/listenablefuture-9999.0-empty-to-avoid-conflict-with-guava-sources.jar
2022-07-13 16:41:14,810 [Worker-93: Label Job] INFO  o.e.m.c.i.e.AbstractTransferListenerAdapter - Downloading https://repo.maven.apache.org/maven2/org/zeromq/jeromq/0.5.2/jeromq-0.5.2-sources.jar
2022-07-13 16:41:15,121 [Worker-97: Debug Source Lookup] INFO  o.e.m.c.i.e.AbstractTransferListenerAdapter - Downloading https://repo.maven.apache.org/maven2/org/zeromq/jeromq/0.5.2/jeromq-0.5.2-sources.jar
2022-07-13 16:41:19,513 [Worker-93: Label Job] INFO  o.e.m.c.i.e.AbstractTransferListenerAdapter - Downloaded https://repo.maven.apache.org/maven2/org/zeromq/jeromq/0.5.2/jeromq-0.5.2-sources.jar
2022-07-13 16:41:19,536 [Worker-97: Debug Source Lookup] INFO  o.e.m.c.i.e.AbstractTransferListenerAdapter - Downloaded https://repo.maven.apache.org/maven2/org/zeromq/jeromq/0.5.2/jeromq-0.5.2-sources.jar
2022-07-13 16:41:20,349 [Worker-93: Label Job] INFO  o.e.m.c.i.e.AbstractTransferListenerAdapter - Downloading https://repo.maven.apache.org/maven2/io/netty/netty-transport-native-kqueue/4.1.78.Final/netty-transport-native-kqueue-4.1.78.Final-sources.jar
2022-07-13 16:41:20,433 [Worker-97: Debug Source Lookup] INFO  o.e.m.c.i.e.AbstractTransferListenerAdapter - Downloading https://repo.maven.apache.org/maven2/io/netty/netty-transport-native-kqueue/4.1.78.Final/netty-transport-native-kqueue-4.1.78.Final-sources.jar
2022-07-13 16:41:22,317 [Worker-93: Label Job] INFO  o.e.m.c.i.e.AbstractTransferListenerAdapter - Downloaded https://repo.maven.apache.org/maven2/io/netty/netty-transport-native-kqueue/4.1.78.Final/netty-transport-native-kqueue-4.1.78.Final-sources.jar
2022-07-13 16:41:22,320 [Worker-97: Debug Source Lookup] INFO  o.e.m.c.i.e.AbstractTransferListenerAdapter - Downloaded https://repo.maven.apache.org/maven2/io/netty/netty-transport-native-kqueue/4.1.78.Final/netty-transport-native-kqueue-4.1.78.Final-sources.jar
2022-07-13 16:41:23,154 [Worker-97: Debug Source Lookup] INFO  o.e.m.c.i.e.AbstractTransferListenerAdapter - Downloading https://repo.maven.apache.org/maven2/io/netty/netty-transport/4.1.78.Final/netty-transport-4.1.78.Final-sources.jar
2022-07-13 16:41:26,348 [Worker-93: Label Job] INFO  o.e.m.c.i.e.AbstractTransferListenerAdapter - Downloading https://repo.maven.apache.org/maven2/io/netty/netty-transport/4.1.78.Final/netty-transport-4.1.78.Final-sources.jar
2022-07-13 16:41:27,217 [Worker-97: Debug Source Lookup] INFO  o.e.m.c.i.e.AbstractTransferListenerAdapter - Downloaded https://repo.maven.apache.org/maven2/io/netty/netty-transport/4.1.78.Final/netty-transport-4.1.78.Final-sources.jar
2022-07-13 16:41:29,013 [Worker-97: Debug Source Lookup] INFO  o.e.m.c.i.e.AbstractTransferListenerAdapter - Downloading https://repo.maven.apache.org/maven2/io/ous/jtoml/2.0.0/jtoml-2.0.0-sources.jar
2022-07-13 16:41:29,872 [Worker-97: Debug Source Lookup] INFO  o.e.m.c.i.e.AbstractTransferListenerAdapter - Downloaded https://repo.maven.apache.org/maven2/io/ous/jtoml/2.0.0/jtoml-2.0.0-sources.jar
2022-07-13 16:41:30,292 [Worker-93: Label Job] INFO  o.e.m.c.i.e.AbstractTransferListenerAdapter - Downloaded https://repo.maven.apache.org/maven2/io/netty/netty-transport/4.1.78.Final/netty-transport-4.1.78.Final-sources.jar
2022-07-13 16:41:31,888 [Worker-97: Debug Source Lookup] INFO  o.e.m.c.i.e.AbstractTransferListenerAdapter - Downloading https://repo.maven.apache.org/maven2/io/netty/netty-transport-native-epoll/4.1.78.Final/netty-transport-native-epoll-4.1.78.Final-sources.jar
2022-07-13 16:41:32,524 [Worker-93: Label Job] INFO  o.e.m.c.i.e.AbstractTransferListenerAdapter - Downloading https://repo.maven.apache.org/maven2/io/netty/netty-transport-native-epoll/4.1.78.Final/netty-transport-native-epoll-4.1.78.Final-sources.jar
2022-07-13 16:41:32,646 [Worker-97: Debug Source Lookup] INFO  o.e.m.c.i.e.AbstractTransferListenerAdapter - Downloaded https://repo.maven.apache.org/maven2/io/netty/netty-transport-native-epoll/4.1.78.Final/netty-transport-native-epoll-4.1.78.Final-sources.jar
2022-07-13 16:41:33,265 [Worker-93: Label Job] INFO  o.e.m.c.i.e.AbstractTransferListenerAdapter - Downloaded https://repo.maven.apache.org/maven2/io/netty/netty-transport-native-epoll/4.1.78.Final/netty-transport-native-epoll-4.1.78.Final-sources.jar
2022-07-13 16:41:34,471 [Worker-97: Debug Source Lookup] INFO  o.e.m.c.i.e.AbstractTransferListenerAdapter - Downloading https://repo.maven.apache.org/maven2/com/sun/activation/jakarta.activation/1.2.2/jakarta.activation-1.2.2-sources.jar
2022-07-13 16:41:34,928 [Worker-93: Label Job] INFO  o.e.m.c.i.e.AbstractTransferListenerAdapter - Downloading https://repo.maven.apache.org/maven2/com/sun/activation/jakarta.activation/1.2.2/jakarta.activation-1.2.2-sources.jar
2022-07-13 16:41:35,626 [Worker-97: Debug Source Lookup] INFO  o.e.m.c.i.e.AbstractTransferListenerAdapter - Downloaded https://repo.maven.apache.org/maven2/com/sun/activation/jakarta.activation/1.2.2/jakarta.activation-1.2.2-sources.jar
2022-07-13 16:41:35,915 [Worker-93: Label Job] INFO  o.e.m.c.i.e.AbstractTransferListenerAdapter - Downloaded https://repo.maven.apache.org/maven2/com/sun/activation/jakarta.activation/1.2.2/jakarta.activation-1.2.2-sources.jar
2022-07-13 16:41:37,342 [Worker-97: Debug Source Lookup] INFO  o.e.m.c.i.e.AbstractTransferListenerAdapter - Downloading https://repo.maven.apache.org/maven2/io/netty/netty-codec/4.1.78.Final/netty-codec-4.1.78.Final-sources.jar
2022-07-13 16:41:37,862 [Worker-93: Label Job] INFO  o.e.m.c.i.e.AbstractTransferListenerAdapter - Downloading https://repo.maven.apache.org/maven2/io/netty/netty-codec/4.1.78.Final/netty-codec-4.1.78.Final-sources.jar
2022-07-13 16:41:39,787 [Worker-97: Debug Source Lookup] INFO  o.e.m.c.i.e.AbstractTransferListenerAdapter - Downloaded https://repo.maven.apache.org/maven2/io/netty/netty-codec/4.1.78.Final/netty-codec-4.1.78.Final-sources.jar
2022-07-13 16:41:41,276 [Worker-93: Label Job] INFO  o.e.m.c.i.e.AbstractTransferListenerAdapter - Downloaded https://repo.maven.apache.org/maven2/io/netty/netty-codec/4.1.78.Final/netty-codec-4.1.78.Final-sources.jar
2022-07-13 16:41:41,610 [Worker-97: Debug Source Lookup] INFO  o.e.m.c.i.e.AbstractTransferListenerAdapter - Downloading https://repo.maven.apache.org/maven2/dev/failsafe/failsafe/3.2.4/failsafe-3.2.4-sources.jar
2022-07-13 16:41:45,747 [Worker-93: Label Job] INFO  o.e.m.c.i.e.AbstractTransferListenerAdapter - Downloading https://repo.maven.apache.org/maven2/dev/failsafe/failsafe/3.2.4/failsafe-3.2.4-sources.jar
2022-07-13 16:41:50,014 [Worker-97: Debug Source Lookup] INFO  o.e.m.c.i.e.AbstractTransferListenerAdapter - Downloaded https://repo.maven.apache.org/maven2/dev/failsafe/failsafe/3.2.4/failsafe-3.2.4-sources.jar
2022-07-13 16:41:51,379 [Worker-97: Debug Source Lookup] INFO  o.e.m.c.i.e.AbstractTransferListenerAdapter - Downloading https://repo.maven.apache.org/maven2/com/google/guava/guava/31.1-jre/guava-31.1-jre-sources.jar
2022-07-13 16:41:52,118 [Worker-93: Label Job] INFO  o.e.m.c.i.e.AbstractTransferListenerAdapter - Downloaded https://repo.maven.apache.org/maven2/dev/failsafe/failsafe/3.2.4/failsafe-3.2.4-sources.jar
2022-07-13 16:41:54,328 [Worker-93: Label Job] INFO  o.e.m.c.i.e.AbstractTransferListenerAdapter - Downloading https://repo.maven.apache.org/maven2/com/google/guava/guava/31.1-jre/guava-31.1-jre-sources.jar
2022-07-13 16:42:18,086 [Worker-97: Debug Source Lookup] INFO  o.e.m.c.i.e.AbstractTransferListenerAdapter - Downloaded https://repo.maven.apache.org/maven2/com/google/guava/guava/31.1-jre/guava-31.1-jre-sources.jar
2022-07-13 16:42:20,454 [Worker-97: Debug Source Lookup] INFO  o.e.m.c.i.e.AbstractTransferListenerAdapter - Downloading https://repo.maven.apache.org/maven2/org/slf4j/slf4j-api/1.7.36/slf4j-api-1.7.36-sources.jar
2022-07-13 16:42:21,450 [Worker-97: Debug Source Lookup] INFO  o.e.m.c.i.e.AbstractTransferListenerAdapter - Downloaded https://repo.maven.apache.org/maven2/org/slf4j/slf4j-api/1.7.36/slf4j-api-1.7.36-sources.jar
2022-07-13 16:42:22,534 [Worker-97: Debug Source Lookup] INFO  o.e.m.c.i.e.AbstractTransferListenerAdapter - Downloading https://repo.maven.apache.org/maven2/io/netty/netty-transport-classes-epoll/4.1.78.Final/netty-transport-classes-epoll-4.1.78.Final-sources.jar
2022-07-13 16:42:24,134 [Worker-97: Debug Source Lookup] INFO  o.e.m.c.i.e.AbstractTransferListenerAdapter - Downloaded https://repo.maven.apache.org/maven2/io/netty/netty-transport-classes-epoll/4.1.78.Final/netty-transport-classes-epoll-4.1.78.Final-sources.jar
2022-07-13 16:42:27,799 [Worker-97: Debug Source Lookup] INFO  o.e.m.c.i.e.AbstractTransferListenerAdapter - Downloading https://repo.maven.apache.org/maven2/org/asynchttpclient/async-http-client-netty-utils/2.12.3/async-http-client-netty-utils-2.12.3-sources.jar
2022-07-13 16:42:28,277 [Worker-97: Debug Source Lookup] INFO  o.e.m.c.i.e.AbstractTransferListenerAdapter - Downloaded https://repo.maven.apache.org/maven2/org/asynchttpclient/async-http-client-netty-utils/2.12.3/async-http-client-netty-utils-2.12.3-sources.jar
2022-07-13 16:42:30,123 [Worker-97: Debug Source Lookup] INFO  o.e.m.c.i.e.AbstractTransferListenerAdapter - Downloading https://repo.maven.apache.org/maven2/javax/servlet/javax.servlet-api/4.0.1/javax.servlet-api-4.0.1-sources.jar
2022-07-13 16:42:34,183 [Worker-97: Debug Source Lookup] INFO  o.e.m.c.i.e.AbstractTransferListenerAdapter - Downloaded https://repo.maven.apache.org/maven2/javax/servlet/javax.servlet-api/4.0.1/javax.servlet-api-4.0.1-sources.jar
2022-07-13 16:42:39,322 [Worker-97: Debug Source Lookup] INFO  o.e.m.c.i.e.AbstractTransferListenerAdapter - Downloading https://repo.maven.apache.org/maven2/net/bytebuddy/byte-buddy/1.12.10/byte-buddy-1.12.10-sources.jar
2022-07-13 16:42:40,178 [Worker-93: Label Job] INFO  o.e.m.c.i.e.AbstractTransferListenerAdapter - Downloaded https://repo.maven.apache.org/maven2/com/google/guava/guava/31.1-jre/guava-31.1-jre-sources.jar
2022-07-13 16:42:43,493 [Worker-93: Label Job] INFO  o.e.m.c.i.e.AbstractTransferListenerAdapter - Downloading https://repo.maven.apache.org/maven2/net/bytebuddy/byte-buddy/1.12.10/byte-buddy-1.12.10-sources.jar
2022-07-13 16:43:01,301 [Worker-97: Debug Source Lookup] INFO  o.e.m.c.i.e.AbstractTransferListenerAdapter - Downloaded https://repo.maven.apache.org/maven2/net/bytebuddy/byte-buddy/1.12.10/byte-buddy-1.12.10-sources.jar
2022-07-13 16:43:03,015 [Worker-97: Debug Source Lookup] INFO  o.e.m.c.i.e.AbstractTransferListenerAdapter - Downloading https://repo.maven.apache.org/maven2/io/netty/netty-codec-http/4.1.78.Final/netty-codec-http-4.1.78.Final-sources.jar
2022-07-13 16:43:16,512 [Worker-93: Label Job] INFO  o.e.m.c.i.e.AbstractTransferListenerAdapter - Downloaded https://repo.maven.apache.org/maven2/net/bytebuddy/byte-buddy/1.12.10/byte-buddy-1.12.10-sources.jar
2022-07-13 16:43:16,955 [Worker-97: Debug Source Lookup] INFO  o.e.m.c.i.e.AbstractTransferListenerAdapter - Downloaded https://repo.maven.apache.org/maven2/io/netty/netty-codec-http/4.1.78.Final/netty-codec-http-4.1.78.Final-sources.jar
2022-07-13 16:43:25,041 [Worker-93: Label Job] INFO  o.e.m.c.i.e.AbstractTransferListenerAdapter - Downloading https://repo.maven.apache.org/maven2/io/netty/netty-codec-http/4.1.78.Final/netty-codec-http-4.1.78.Final-sources.jar
2022-07-13 16:43:36,138 [Worker-93: Label Job] INFO  o.e.m.c.i.e.AbstractTransferListenerAdapter - Downloaded https://repo.maven.apache.org/maven2/io/netty/netty-codec-http/4.1.78.Final/netty-codec-http-4.1.78.Final-sources.jar
2022-07-13 16:43:39,387 [Worker-97: Debug Source Lookup] INFO  o.e.m.c.i.e.AbstractTransferListenerAdapter - Downloading https://repo.maven.apache.org/maven2/io/netty/netty-buffer/4.1.78.Final/netty-buffer-4.1.78.Final-sources.jar
2022-07-13 16:43:41,616 [Worker-93: Label Job] INFO  o.e.m.c.i.e.AbstractTransferListenerAdapter - Downloading https://repo.maven.apache.org/maven2/io/netty/netty-buffer/4.1.78.Final/netty-buffer-4.1.78.Final-sources.jar
2022-07-13 16:43:46,004 [Worker-97: Debug Source Lookup] INFO  o.e.m.c.i.e.AbstractTransferListenerAdapter - Downloaded https://repo.maven.apache.org/maven2/io/netty/netty-buffer/4.1.78.Final/netty-buffer-4.1.78.Final-sources.jar
2022-07-13 16:43:46,960 [Worker-93: Label Job] INFO  o.e.m.c.i.e.AbstractTransferListenerAdapter - Downloaded https://repo.maven.apache.org/maven2/io/netty/netty-buffer/4.1.78.Final/netty-buffer-4.1.78.Final-sources.jar
2022-07-13 16:43:47,089 [Worker-97: Debug Source Lookup] INFO  o.e.m.c.i.e.AbstractTransferListenerAdapter - Downloading https://repo.maven.apache.org/maven2/io/netty/netty-codec-socks/4.1.78.Final/netty-codec-socks-4.1.78.Final-sources.jar
2022-07-13 16:43:48,717 [Worker-97: Debug Source Lookup] INFO  o.e.m.c.i.e.AbstractTransferListenerAdapter - Downloaded https://repo.maven.apache.org/maven2/io/netty/netty-codec-socks/4.1.78.Final/netty-codec-socks-4.1.78.Final-sources.jar
2022-07-13 16:43:49,115 [Worker-93: Label Job] INFO  o.e.m.c.i.e.AbstractTransferListenerAdapter - Downloading https://repo.maven.apache.org/maven2/io/netty/netty-codec-socks/4.1.78.Final/netty-codec-socks-4.1.78.Final-sources.jar
2022-07-13 16:43:51,246 [Worker-97: Debug Source Lookup] INFO  o.e.m.c.i.e.AbstractTransferListenerAdapter - Downloading https://repo.maven.apache.org/maven2/io/netty/netty-resolver/4.1.78.Final/netty-resolver-4.1.78.Final-sources.jar
2022-07-13 16:43:51,478 [Worker-93: Label Job] INFO  o.e.m.c.i.e.AbstractTransferListenerAdapter - Downloaded https://repo.maven.apache.org/maven2/io/netty/netty-codec-socks/4.1.78.Final/netty-codec-socks-4.1.78.Final-sources.jar
2022-07-13 16:43:53,382 [Worker-97: Debug Source Lookup] INFO  o.e.m.c.i.e.AbstractTransferListenerAdapter - Downloaded https://repo.maven.apache.org/maven2/io/netty/netty-resolver/4.1.78.Final/netty-resolver-4.1.78.Final-sources.jar
2022-07-13 16:43:57,121 [Worker-93: Label Job] INFO  o.e.m.c.i.e.AbstractTransferListenerAdapter - Downloading https://repo.maven.apache.org/maven2/io/netty/netty-resolver/4.1.78.Final/netty-resolver-4.1.78.Final-sources.jar
2022-07-13 16:44:08,116 [Worker-97: Debug Source Lookup] INFO  o.e.m.c.i.e.AbstractTransferListenerAdapter - Downloading https://repo.maven.apache.org/maven2/com/google/errorprone/error_prone_annotations/2.11.0/error_prone_annotations-2.11.0-sources.jar
2022-07-13 16:44:08,624 [Worker-93: Label Job] INFO  o.e.m.c.i.e.AbstractTransferListenerAdapter - Downloaded https://repo.maven.apache.org/maven2/io/netty/netty-resolver/4.1.78.Final/netty-resolver-4.1.78.Final-sources.jar
2022-07-13 16:44:10,070 [Worker-97: Debug Source Lookup] INFO  o.e.m.c.i.e.AbstractTransferListenerAdapter - Downloaded https://repo.maven.apache.org/maven2/com/google/errorprone/error_prone_annotations/2.11.0/error_prone_annotations-2.11.0-sources.jar
2022-07-13 16:44:10,171 [Worker-93: Label Job] INFO  o.e.m.c.i.e.AbstractTransferListenerAdapter - Downloading https://repo.maven.apache.org/maven2/com/google/errorprone/error_prone_annotations/2.11.0/error_prone_annotations-2.11.0-sources.jar
2022-07-13 16:44:10,738 [Worker-93: Label Job] INFO  o.e.m.c.i.e.AbstractTransferListenerAdapter - Downloaded https://repo.maven.apache.org/maven2/com/google/errorprone/error_prone_annotations/2.11.0/error_prone_annotations-2.11.0-sources.jar
2022-07-13 16:44:12,472 [Worker-97: Debug Source Lookup] INFO  o.e.m.c.i.e.AbstractTransferListenerAdapter - Downloading https://repo.maven.apache.org/maven2/com/google/auto/service/auto-service-annotations/1.0.1/auto-service-annotations-1.0.1-sources.jar
2022-07-13 16:44:14,339 [Worker-93: Label Job] INFO  o.e.m.c.i.e.AbstractTransferListenerAdapter - Downloading https://repo.maven.apache.org/maven2/com/google/auto/service/auto-service-annotations/1.0.1/auto-service-annotations-1.0.1-sources.jar
2022-07-13 16:44:14,350 [Worker-97: Debug Source Lookup] INFO  o.e.m.c.i.e.AbstractTransferListenerAdapter - Downloaded https://repo.maven.apache.org/maven2/com/google/auto/service/auto-service-annotations/1.0.1/auto-service-annotations-1.0.1-sources.jar
2022-07-13 16:44:16,023 [Worker-93: Label Job] INFO  o.e.m.c.i.e.AbstractTransferListenerAdapter - Downloaded https://repo.maven.apache.org/maven2/com/google/auto/service/auto-service-annotations/1.0.1/auto-service-annotations-1.0.1-sources.jar
2022-07-13 16:44:16,829 [Worker-97: Debug Source Lookup] INFO  o.e.m.c.i.e.AbstractTransferListenerAdapter - Downloading https://repo.maven.apache.org/maven2/com/typesafe/netty/netty-reactive-streams/2.0.4/netty-reactive-streams-2.0.4-sources.jar
2022-07-13 16:44:17,211 [Worker-97: Debug Source Lookup] INFO  o.e.m.c.i.e.AbstractTransferListenerAdapter - Downloaded https://repo.maven.apache.org/maven2/com/typesafe/netty/netty-reactive-streams/2.0.4/netty-reactive-streams-2.0.4-sources.jar
2022-07-13 16:44:29,113 [Worker-93: Label Job] INFO  o.e.m.c.i.e.AbstractTransferListenerAdapter - Downloading https://repo.maven.apache.org/maven2/com/typesafe/netty/netty-reactive-streams/2.0.4/netty-reactive-streams-2.0.4-sources.jar
2022-07-13 16:44:30,058 [Worker-93: Label Job] INFO  o.e.m.c.i.e.AbstractTransferListenerAdapter - Downloaded https://repo.maven.apache.org/maven2/com/typesafe/netty/netty-reactive-streams/2.0.4/netty-reactive-streams-2.0.4-sources.jar
2022-07-13 16:44:30,598 [Worker-97: Debug Source Lookup] INFO  o.e.m.c.i.e.AbstractTransferListenerAdapter - Downloading https://repo.maven.apache.org/maven2/org/jctools/jctools-core/3.1.0/jctools-core-3.1.0-sources.jar
2022-07-13 16:44:35,169 [Worker-93: Label Job] INFO  o.e.m.c.i.e.AbstractTransferListenerAdapter - Downloading https://repo.maven.apache.org/maven2/org/jctools/jctools-core/3.1.0/jctools-core-3.1.0-sources.jar
2022-07-13 16:44:36,602 [Worker-97: Debug Source Lookup] INFO  o.e.m.c.i.e.AbstractTransferListenerAdapter - Downloaded https://repo.maven.apache.org/maven2/org/jctools/jctools-core/3.1.0/jctools-core-3.1.0-sources.jar
2022-07-13 16:44:42,877 [Worker-93: Label Job] INFO  o.e.m.c.i.e.AbstractTransferListenerAdapter - Downloaded https://repo.maven.apache.org/maven2/org/jctools/jctools-core/3.1.0/jctools-core-3.1.0-sources.jar
2022-07-13 16:44:43,217 [Worker-97: Debug Source Lookup] INFO  o.e.m.c.i.e.AbstractTransferListenerAdapter - Downloading https://repo.maven.apache.org/maven2/net/bytebuddy/byte-buddy-dep/1.12.10/byte-buddy-dep-1.12.10-sources.jar
2022-07-13 16:44:48,824 [Worker-93: Label Job] INFO  o.e.m.c.i.e.AbstractTransferListenerAdapter - Downloading https://repo.maven.apache.org/maven2/net/bytebuddy/byte-buddy-dep/1.12.10/byte-buddy-dep-1.12.10-sources.jar
2022-07-13 16:45:05,978 [Worker-93: Label Job] INFO  o.e.m.c.i.e.AbstractTransferListenerAdapter - Downloaded https://repo.maven.apache.org/maven2/net/bytebuddy/byte-buddy-dep/1.12.10/byte-buddy-dep-1.12.10-sources.jar
2022-07-13 16:45:08,060 [Worker-97: Debug Source Lookup] INFO  o.e.m.c.i.e.AbstractTransferListenerAdapter - Downloaded https://repo.maven.apache.org/maven2/net/bytebuddy/byte-buddy-dep/1.12.10/byte-buddy-dep-1.12.10-sources.jar
2022-07-15 18:28:47,087 [Worker-8: Loading available Gradle versions] INFO  o.e.b.c.i.u.g.PublishedGradleVersions - Gradle version information cache is out-of-date. Trying to update.
2022-07-16 11:48:41,587 [Worker-5: Loading available Gradle versions] INFO  o.e.b.c.i.u.g.PublishedGradleVersions - Gradle version information cache is up-to-date. Trying to read.
2022-07-17 14:39:47,955 [Worker-7: Loading available Gradle versions] INFO  o.e.b.c.i.u.g.PublishedGradleVersions - Gradle version information cache is out-of-date. Trying to update.
2022-07-18 18:38:19,182 [Worker-4: Loading available Gradle versions] INFO  o.e.b.c.i.u.g.PublishedGradleVersions - Gradle version information cache is out-of-date. Trying to update.
2022-07-18 19:02:28,718 [Worker-39: Retrieving catalog resource] INFO  o.a.h.c.h.i.c.HttpRequestRetryExec - Recoverable I/O exception (org.apache.hc.core5.http.NoHttpResponseException) caught when processing request to {s}->https://marketplace.eclipse.org:443
2022-07-18 19:02:28,760 [Worker-34: Retrieving catalog resource] INFO  o.a.h.c.h.i.c.HttpRequestRetryExec - Recoverable I/O exception (org.apache.hc.core5.http.NoHttpResponseException) caught when processing request to {s}->https://marketplace.eclipse.org:443
2022-07-18 19:07:05,177 [Worker-38: http://testng.org/testng-p2-update-site/7.6.1/compositeContent.xml] INFO  o.a.h.c.h.i.c.HttpRequestRetryExec - Recoverable I/O exception (org.apache.hc.core5.http.NoHttpResponseException) caught when processing request to {}->http://testng.org:80
2022-07-18 22:25:32,498 [Worker-7: Loading available Gradle versions] INFO  o.e.b.c.i.u.g.PublishedGradleVersions - Gradle version information cache is up-to-date. Trying to read.
2022-07-19 07:33:32,602 [Worker-7: Loading available Gradle versions] INFO  o.e.b.c.i.u.g.PublishedGradleVersions - Gradle version information cache is up-to-date. Trying to read.
